<?xml version="1.0" encoding="UTF-8"?>
<testsuite xmlns:xsi="http://www.w3.org/2001/XMLSchema-instance" xsi:noNamespaceSchemaLocation="https://maven.apache.org/surefire/maven-surefire-plugin/xsd/surefire-test-report.xsd" name="TestSuite" time="31.825" tests="8" errors="0" skipped="0" failures="0">
  <properties>
    <property name="sun.desktop" value="windows"/>
    <property name="awt.toolkit" value="sun.awt.windows.WToolkit"/>
    <property name="file.encoding.pkg" value="sun.io"/>
    <property name="java.specification.version" value="1.8"/>
    <property name="sun.cpu.isalist" value="amd64"/>
    <property name="sun.jnu.encoding" value="Cp1252"/>
    <property name="java.class.path" value="E:\MyJavaWorkspace\MercuryAutomationSuite\target\test-classes;E:\MyJavaWorkspace\MercuryAutomationSuite\target\classes;C:\Users\Venky\.m2\repository\org\seleniumhq\selenium\selenium-java\3.4.0\selenium-java-3.4.0.jar;C:\Users\Venky\.m2\repository\org\seleniumhq\selenium\selenium-api\3.4.0\selenium-api-3.4.0.jar;C:\Users\Venky\.m2\repository\org\seleniumhq\selenium\selenium-chrome-driver\3.4.0\selenium-chrome-driver-3.4.0.jar;C:\Users\Venky\.m2\repository\org\seleniumhq\selenium\selenium-edge-driver\3.4.0\selenium-edge-driver-3.4.0.jar;C:\Users\Venky\.m2\repository\org\seleniumhq\selenium\selenium-firefox-driver\3.4.0\selenium-firefox-driver-3.4.0.jar;C:\Users\Venky\.m2\repository\org\seleniumhq\selenium\selenium-ie-driver\3.4.0\selenium-ie-driver-3.4.0.jar;C:\Users\Venky\.m2\repository\org\seleniumhq\selenium\selenium-opera-driver\3.4.0\selenium-opera-driver-3.4.0.jar;C:\Users\Venky\.m2\repository\org\seleniumhq\selenium\selenium-remote-driver\3.4.0\selenium-remote-driver-3.4.0.jar;C:\Users\Venky\.m2\repository\org\seleniumhq\selenium\selenium-safari-driver\3.4.0\selenium-safari-driver-3.4.0.jar;C:\Users\Venky\.m2\repository\org\seleniumhq\selenium\selenium-support\3.4.0\selenium-support-3.4.0.jar;C:\Users\Venky\.m2\repository\cglib\cglib-nodep\3.2.4\cglib-nodep-3.2.4.jar;C:\Users\Venky\.m2\repository\org\apache\commons\commons-exec\1.3\commons-exec-1.3.jar;C:\Users\Venky\.m2\repository\org\apache\commons\commons-lang3\3.5\commons-lang3-3.5.jar;C:\Users\Venky\.m2\repository\commons-codec\commons-codec\1.10\commons-codec-1.10.jar;C:\Users\Venky\.m2\repository\commons-io\commons-io\2.5\commons-io-2.5.jar;C:\Users\Venky\.m2\repository\commons-logging\commons-logging\1.2\commons-logging-1.2.jar;C:\Users\Venky\.m2\repository\org\w3c\css\sac\1.3\sac-1.3.jar;C:\Users\Venky\.m2\repository\net\sourceforge\cssparser\cssparser\0.9.22\cssparser-0.9.22.jar;C:\Users\Venky\.m2\repository\com\google\code\gson\gson\2.8.0\gson-2.8.0.jar;C:\Users\Venky\.m2\repository\com\google\guava\guava\21.0\guava-21.0.jar;C:\Users\Venky\.m2\repository\org\hamcrest\hamcrest-core\1.3\hamcrest-core-1.3.jar;C:\Users\Venky\.m2\repository\net\sourceforge\htmlunit\htmlunit\2.26\htmlunit-2.26.jar;C:\Users\Venky\.m2\repository\net\sourceforge\htmlunit\htmlunit-core-js\2.26\htmlunit-core-js-2.26.jar;C:\Users\Venky\.m2\repository\net\sourceforge\htmlunit\neko-htmlunit\2.25\neko-htmlunit-2.25.jar;C:\Users\Venky\.m2\repository\org\apache\httpcomponents\httpclient\4.5.3\httpclient-4.5.3.jar;C:\Users\Venky\.m2\repository\org\apache\httpcomponents\httpcore\4.4.6\httpcore-4.4.6.jar;C:\Users\Venky\.m2\repository\org\apache\httpcomponents\httpmime\4.5.3\httpmime-4.5.3.jar;C:\Users\Venky\.m2\repository\org\eclipse\jetty\jetty-io\9.4.1.v20170120\jetty-io-9.4.1.v20170120.jar;C:\Users\Venky\.m2\repository\org\eclipse\jetty\jetty-util\9.4.1.v20170120\jetty-util-9.4.1.v20170120.jar;C:\Users\Venky\.m2\repository\net\java\dev\jna\jna\4.1.0\jna-4.1.0.jar;C:\Users\Venky\.m2\repository\net\java\dev\jna\jna-platform\4.1.0\jna-platform-4.1.0.jar;C:\Users\Venky\.m2\repository\junit\junit\4.12\junit-4.12.jar;C:\Users\Venky\.m2\repository\com\codeborne\phantomjsdriver\1.4.0\phantomjsdriver-1.4.0.jar;C:\Users\Venky\.m2\repository\org\seleniumhq\selenium\htmlunit-driver\2.26\htmlunit-driver-2.26.jar;C:\Users\Venky\.m2\repository\javax\servlet\javax.servlet-api\3.1.0\javax.servlet-api-3.1.0.jar;C:\Users\Venky\.m2\repository\org\eclipse\jetty\websocket\websocket-api\9.4.3.v20170317\websocket-api-9.4.3.v20170317.jar;C:\Users\Venky\.m2\repository\org\eclipse\jetty\websocket\websocket-client\9.4.3.v20170317\websocket-client-9.4.3.v20170317.jar;C:\Users\Venky\.m2\repository\org\eclipse\jetty\jetty-client\9.4.3.v20170317\jetty-client-9.4.3.v20170317.jar;C:\Users\Venky\.m2\repository\org\eclipse\jetty\jetty-http\9.4.3.v20170317\jetty-http-9.4.3.v20170317.jar;C:\Users\Venky\.m2\repository\org\eclipse\jetty\websocket\websocket-common\9.4.3.v20170317\websocket-common-9.4.3.v20170317.jar;C:\Users\Venky\.m2\repository\xalan\serializer\2.7.2\serializer-2.7.2.jar;C:\Users\Venky\.m2\repository\xalan\xalan\2.7.2\xalan-2.7.2.jar;C:\Users\Venky\.m2\repository\xerces\xercesImpl\2.11.0\xercesImpl-2.11.0.jar;C:\Users\Venky\.m2\repository\xml-apis\xml-apis\1.4.01\xml-apis-1.4.01.jar;C:\Users\Venky\.m2\repository\org\testng\testng\6.11\testng-6.11.jar;C:\Users\Venky\.m2\repository\com\beust\jcommander\1.64\jcommander-1.64.jar;C:\Users\Venky\.m2\repository\org\yaml\snakeyaml\1.17\snakeyaml-1.17.jar;C:\Users\Venky\.m2\repository\org\uncommons\reportng\1.1.4\reportng-1.1.4.jar;C:\Users\Venky\.m2\repository\velocity\velocity\1.4\velocity-1.4.jar;C:\Users\Venky\.m2\repository\velocity\velocity-dep\1.4\velocity-dep-1.4.jar;C:\Users\Venky\.m2\repository\com\google\inject\guice\4.0\guice-4.0.jar;C:\Users\Venky\.m2\repository\javax\inject\javax.inject\1\javax.inject-1.jar;C:\Users\Venky\.m2\repository\aopalliance\aopalliance\1.0\aopalliance-1.0.jar;C:\Users\Venky\.m2\repository\org\apache\poi\poi\3.16\poi-3.16.jar;C:\Users\Venky\.m2\repository\org\apache\commons\commons-collections4\4.1\commons-collections4-4.1.jar;C:\Users\Venky\.m2\repository\org\apache\poi\poi-ooxml\3.16\poi-ooxml-3.16.jar;C:\Users\Venky\.m2\repository\org\apache\poi\poi-ooxml-schemas\3.16\poi-ooxml-schemas-3.16.jar;C:\Users\Venky\.m2\repository\org\apache\xmlbeans\xmlbeans\2.6.0\xmlbeans-2.6.0.jar;C:\Users\Venky\.m2\repository\stax\stax-api\1.0.1\stax-api-1.0.1.jar;C:\Users\Venky\.m2\repository\com\github\virtuald\curvesapi\1.04\curvesapi-1.04.jar;C:\Users\Venky\.m2\repository\javax\mail\mail\1.5.0-b01\mail-1.5.0-b01.jar;C:\Users\Venky\.m2\repository\javax\activation\activation\1.1\activation-1.1.jar;C:\Users\Venky\.m2\repository\ch\fortysix\maven-postman-plugin\0.1.6\maven-postman-plugin-0.1.6.jar;C:\Users\Venky\.m2\repository\org\codehaus\gmaven\gmaven-mojo\1.2\gmaven-mojo-1.2.jar;C:\Users\Venky\.m2\repository\org\codehaus\gmaven\runtime\gmaven-runtime-api\1.2\gmaven-runtime-api-1.2.jar;C:\Users\Venky\.m2\repository\org\codehaus\gmaven\feature\gmaven-feature-api\1.2\gmaven-feature-api-1.2.jar;C:\Users\Venky\.m2\repository\org\apache\maven\maven-project\2.0.10\maven-project-2.0.10.jar;C:\Users\Venky\.m2\repository\org\apache\maven\maven-plugin-registry\2.0.10\maven-plugin-registry-2.0.10.jar;C:\Users\Venky\.m2\repository\org\codehaus\plexus\plexus-interpolation\1.1\plexus-interpolation-1.1.jar;C:\Users\Venky\.m2\repository\org\apache\maven\maven-plugin-api\2.0.10\maven-plugin-api-2.0.10.jar;C:\Users\Venky\.m2\repository\org\codehaus\gmaven\runtime\gmaven-runtime-1.7\1.2\gmaven-runtime-1.7-1.2.jar;C:\Users\Venky\.m2\repository\org\slf4j\slf4j-api\1.5.10\slf4j-api-1.5.10.jar;C:\Users\Venky\.m2\repository\org\codehaus\gmaven\feature\gmaven-feature-support\1.2\gmaven-feature-support-1.2.jar;C:\Users\Venky\.m2\repository\org\codehaus\gmaven\runtime\gmaven-runtime-support\1.2\gmaven-runtime-support-1.2.jar;C:\Users\Venky\.m2\repository\org\sonatype\gshell\gshell-io\2.0\gshell-io-2.0.jar;C:\Users\Venky\.m2\repository\org\sonatype\gossip\gossip\1.0\gossip-1.0.jar;C:\Users\Venky\.m2\repository\com\thoughtworks\qdox\qdox\1.8\qdox-1.8.jar;C:\Users\Venky\.m2\repository\org\codehaus\groovy\groovy-all\1.7-beta-2\groovy-all-1.7-beta-2.jar;C:\Users\Venky\.m2\repository\jline\jline\0.9.94\jline-0.9.94.jar;C:\Users\Venky\.m2\repository\org\apache\ant\ant\1.7.1\ant-1.7.1.jar;C:\Users\Venky\.m2\repository\org\apache\ant\ant-launcher\1.7.1\ant-launcher-1.7.1.jar;C:\Users\Venky\.m2\repository\org\slf4j\log4j-over-slf4j\1.5.10\log4j-over-slf4j-1.5.10.jar;C:\Users\Venky\.m2\repository\org\apache\maven\shared\file-management\1.2.1\file-management-1.2.1.jar;C:\Users\Venky\.m2\repository\org\apache\maven\shared\maven-shared-io\1.1\maven-shared-io-1.1.jar;C:\Users\Venky\.m2\repository\org\codehaus\plexus\plexus-container-default\1.0-alpha-9\plexus-container-default-1.0-alpha-9.jar;C:\Users\Venky\.m2\repository\org\apache\maven\reporting\maven-reporting-api\2.2.1\maven-reporting-api-2.2.1.jar;C:\Users\Venky\.m2\repository\org\apache\maven\doxia\doxia-logging-api\1.1\doxia-logging-api-1.1.jar;C:\Users\Venky\.m2\repository\org\apache\maven\reporting\maven-reporting-impl\2.0.4.3\maven-reporting-impl-2.0.4.3.jar;C:\Users\Venky\.m2\repository\org\apache\maven\doxia\doxia-core\1.0\doxia-core-1.0.jar;C:\Users\Venky\.m2\repository\org\apache\maven\doxia\doxia-site-renderer\1.0\doxia-site-renderer-1.0.jar;C:\Users\Venky\.m2\repository\org\codehaus\plexus\plexus-i18n\1.0-beta-7\plexus-i18n-1.0-beta-7.jar;C:\Users\Venky\.m2\repository\org\codehaus\plexus\plexus-velocity\1.1.7\plexus-velocity-1.1.7.jar;C:\Users\Venky\.m2\repository\org\apache\velocity\velocity\1.5\velocity-1.5.jar;C:\Users\Venky\.m2\repository\commons-lang\commons-lang\2.1\commons-lang-2.1.jar;C:\Users\Venky\.m2\repository\org\apache\maven\doxia\doxia-decoration-model\1.0\doxia-decoration-model-1.0.jar;C:\Users\Venky\.m2\repository\commons-collections\commons-collections\3.2\commons-collections-3.2.jar;C:\Users\Venky\.m2\repository\org\apache\maven\doxia\doxia-module-apt\1.0\doxia-module-apt-1.0.jar;C:\Users\Venky\.m2\repository\org\apache\maven\doxia\doxia-module-fml\1.0\doxia-module-fml-1.0.jar;C:\Users\Venky\.m2\repository\org\apache\maven\doxia\doxia-module-xdoc\1.0\doxia-module-xdoc-1.0.jar;C:\Users\Venky\.m2\repository\org\apache\maven\doxia\doxia-module-xhtml\1.0\doxia-module-xhtml-1.0.jar;C:\Users\Venky\.m2\repository\commons-validator\commons-validator\1.2.0\commons-validator-1.2.0.jar;C:\Users\Venky\.m2\repository\commons-beanutils\commons-beanutils\1.7.0\commons-beanutils-1.7.0.jar;C:\Users\Venky\.m2\repository\commons-digester\commons-digester\1.6\commons-digester-1.6.jar;C:\Users\Venky\.m2\repository\oro\oro\2.0.8\oro-2.0.8.jar;C:\Users\Venky\.m2\repository\org\apache\maven\shared\maven-doxia-tools\1.0.2\maven-doxia-tools-1.0.2.jar;C:\Users\Venky\.m2\repository\org\apache\maven\doxia\doxia-sink-api\1.1.2\doxia-sink-api-1.1.2.jar;C:\Users\Venky\.m2\repository\org\codehaus\plexus\plexus-utils\2.0.1\plexus-utils-2.0.1.jar;C:\Users\Venky\.m2\repository\nekohtml\nekohtml\1.9.6.2\nekohtml-1.9.6.2.jar;C:\Users\Venky\.m2\repository\org\apache\commons\commons-email\1.2\commons-email-1.2.jar;C:\Users\Venky\.m2\repository\org\apache\maven\maven-core\2.2.1\maven-core-2.2.1.jar;C:\Users\Venky\.m2\repository\org\apache\maven\maven-settings\2.2.1\maven-settings-2.2.1.jar;C:\Users\Venky\.m2\repository\org\apache\maven\wagon\wagon-file\1.0-beta-6\wagon-file-1.0-beta-6.jar;C:\Users\Venky\.m2\repository\org\apache\maven\maven-plugin-parameter-documenter\2.2.1\maven-plugin-parameter-documenter-2.2.1.jar;C:\Users\Venky\.m2\repository\org\apache\maven\wagon\wagon-http-lightweight\1.0-beta-6\wagon-http-lightweight-1.0-beta-6.jar;C:\Users\Venky\.m2\repository\org\apache\maven\wagon\wagon-http-shared\1.0-beta-6\wagon-http-shared-1.0-beta-6.jar;C:\Users\Venky\.m2\repository\nekohtml\xercesMinimal\1.9.6.2\xercesMinimal-1.9.6.2.jar;C:\Users\Venky\.m2\repository\org\apache\maven\wagon\wagon-http\1.0-beta-6\wagon-http-1.0-beta-6.jar;C:\Users\Venky\.m2\repository\org\apache\maven\wagon\wagon-webdav-jackrabbit\1.0-beta-6\wagon-webdav-jackrabbit-1.0-beta-6.jar;C:\Users\Venky\.m2\repository\org\apache\jackrabbit\jackrabbit-webdav\1.5.0\jackrabbit-webdav-1.5.0.jar;C:\Users\Venky\.m2\repository\org\apache\jackrabbit\jackrabbit-jcr-commons\1.5.0\jackrabbit-jcr-commons-1.5.0.jar;C:\Users\Venky\.m2\repository\commons-httpclient\commons-httpclient\3.0\commons-httpclient-3.0.jar;C:\Users\Venky\.m2\repository\org\slf4j\slf4j-nop\1.5.3\slf4j-nop-1.5.3.jar;C:\Users\Venky\.m2\repository\org\slf4j\slf4j-jdk14\1.5.6\slf4j-jdk14-1.5.6.jar;C:\Users\Venky\.m2\repository\org\slf4j\jcl-over-slf4j\1.5.6\jcl-over-slf4j-1.5.6.jar;C:\Users\Venky\.m2\repository\org\apache\maven\maven-profile\2.2.1\maven-profile-2.2.1.jar;C:\Users\Venky\.m2\repository\org\apache\maven\maven-model\2.2.1\maven-model-2.2.1.jar;C:\Users\Venky\.m2\repository\org\apache\maven\maven-artifact\2.2.1\maven-artifact-2.2.1.jar;C:\Users\Venky\.m2\repository\org\apache\maven\wagon\wagon-provider-api\1.0-beta-6\wagon-provider-api-1.0-beta-6.jar;C:\Users\Venky\.m2\repository\org\apache\maven\maven-repository-metadata\2.2.1\maven-repository-metadata-2.2.1.jar;C:\Users\Venky\.m2\repository\org\apache\maven\maven-error-diagnostics\2.2.1\maven-error-diagnostics-2.2.1.jar;C:\Users\Venky\.m2\repository\commons-cli\commons-cli\1.2\commons-cli-1.2.jar;C:\Users\Venky\.m2\repository\org\apache\maven\wagon\wagon-ssh-external\1.0-beta-6\wagon-ssh-external-1.0-beta-6.jar;C:\Users\Venky\.m2\repository\org\apache\maven\wagon\wagon-ssh-common\1.0-beta-6\wagon-ssh-common-1.0-beta-6.jar;C:\Users\Venky\.m2\repository\org\apache\maven\maven-plugin-descriptor\2.2.1\maven-plugin-descriptor-2.2.1.jar;C:\Users\Venky\.m2\repository\org\codehaus\plexus\plexus-interactivity-api\1.0-alpha-4\plexus-interactivity-api-1.0-alpha-4.jar;C:\Users\Venky\.m2\repository\org\apache\maven\maven-artifact-manager\2.2.1\maven-artifact-manager-2.2.1.jar;C:\Users\Venky\.m2\repository\backport-util-concurrent\backport-util-concurrent\3.1\backport-util-concurrent-3.1.jar;C:\Users\Venky\.m2\repository\org\apache\maven\maven-monitor\2.2.1\maven-monitor-2.2.1.jar;C:\Users\Venky\.m2\repository\org\apache\maven\wagon\wagon-ssh\1.0-beta-6\wagon-ssh-1.0-beta-6.jar;C:\Users\Venky\.m2\repository\com\jcraft\jsch\0.1.38\jsch-0.1.38.jar;C:\Users\Venky\.m2\repository\classworlds\classworlds\1.1\classworlds-1.1.jar;C:\Users\Venky\.m2\repository\org\sonatype\plexus\plexus-sec-dispatcher\1.3\plexus-sec-dispatcher-1.3.jar;C:\Users\Venky\.m2\repository\org\sonatype\plexus\plexus-cipher\1.4\plexus-cipher-1.4.jar;C:\Users\Venky\.m2\repository\org\apache\maven\surefire\surefire-testng-utils\2.20.1\surefire-testng-utils-2.20.1.jar;C:\Users\Venky\.m2\repository\org\apache\maven\surefire\surefire-grouper\2.20.1\surefire-grouper-2.20.1.jar;"/>
    <property name="java.vm.vendor" value="Oracle Corporation"/>
    <property name="sun.arch.data.model" value="64"/>
    <property name="user.variant" value=""/>
    <property name="java.vendor.url" value="http://java.oracle.com/"/>
    <property name="user.timezone" value=""/>
    <property name="java.vm.specification.version" value="1.8"/>
    <property name="os.name" value="Windows 10"/>
    <property name="user.country" value="US"/>
    <property name="sun.java.launcher" value="SUN_STANDARD"/>
    <property name="sun.boot.library.path" value="C:\java\jdk1.8.0_101_64bit\jre\bin"/>
    <property name="sun.java.command" value="C:\Users\Venky\AppData\Local\Temp\surefire9162515154661832943\surefirebooter5666076908336182379.jar C:\Users\Venky\AppData\Local\Temp\surefire9162515154661832943 2017-09-20T02-56-51_571-jvmRun1 surefire4821104453095464486tmp surefire_02279294883571219565tmp"/>
    <property name="surefire.test.class.path" value="E:\MyJavaWorkspace\MercuryAutomationSuite\target\test-classes;E:\MyJavaWorkspace\MercuryAutomationSuite\target\classes;C:\Users\Venky\.m2\repository\org\seleniumhq\selenium\selenium-java\3.4.0\selenium-java-3.4.0.jar;C:\Users\Venky\.m2\repository\org\seleniumhq\selenium\selenium-api\3.4.0\selenium-api-3.4.0.jar;C:\Users\Venky\.m2\repository\org\seleniumhq\selenium\selenium-chrome-driver\3.4.0\selenium-chrome-driver-3.4.0.jar;C:\Users\Venky\.m2\repository\org\seleniumhq\selenium\selenium-edge-driver\3.4.0\selenium-edge-driver-3.4.0.jar;C:\Users\Venky\.m2\repository\org\seleniumhq\selenium\selenium-firefox-driver\3.4.0\selenium-firefox-driver-3.4.0.jar;C:\Users\Venky\.m2\repository\org\seleniumhq\selenium\selenium-ie-driver\3.4.0\selenium-ie-driver-3.4.0.jar;C:\Users\Venky\.m2\repository\org\seleniumhq\selenium\selenium-opera-driver\3.4.0\selenium-opera-driver-3.4.0.jar;C:\Users\Venky\.m2\repository\org\seleniumhq\selenium\selenium-remote-driver\3.4.0\selenium-remote-driver-3.4.0.jar;C:\Users\Venky\.m2\repository\org\seleniumhq\selenium\selenium-safari-driver\3.4.0\selenium-safari-driver-3.4.0.jar;C:\Users\Venky\.m2\repository\org\seleniumhq\selenium\selenium-support\3.4.0\selenium-support-3.4.0.jar;C:\Users\Venky\.m2\repository\cglib\cglib-nodep\3.2.4\cglib-nodep-3.2.4.jar;C:\Users\Venky\.m2\repository\org\apache\commons\commons-exec\1.3\commons-exec-1.3.jar;C:\Users\Venky\.m2\repository\org\apache\commons\commons-lang3\3.5\commons-lang3-3.5.jar;C:\Users\Venky\.m2\repository\commons-codec\commons-codec\1.10\commons-codec-1.10.jar;C:\Users\Venky\.m2\repository\commons-io\commons-io\2.5\commons-io-2.5.jar;C:\Users\Venky\.m2\repository\commons-logging\commons-logging\1.2\commons-logging-1.2.jar;C:\Users\Venky\.m2\repository\org\w3c\css\sac\1.3\sac-1.3.jar;C:\Users\Venky\.m2\repository\net\sourceforge\cssparser\cssparser\0.9.22\cssparser-0.9.22.jar;C:\Users\Venky\.m2\repository\com\google\code\gson\gson\2.8.0\gson-2.8.0.jar;C:\Users\Venky\.m2\repository\com\google\guava\guava\21.0\guava-21.0.jar;C:\Users\Venky\.m2\repository\org\hamcrest\hamcrest-core\1.3\hamcrest-core-1.3.jar;C:\Users\Venky\.m2\repository\net\sourceforge\htmlunit\htmlunit\2.26\htmlunit-2.26.jar;C:\Users\Venky\.m2\repository\net\sourceforge\htmlunit\htmlunit-core-js\2.26\htmlunit-core-js-2.26.jar;C:\Users\Venky\.m2\repository\net\sourceforge\htmlunit\neko-htmlunit\2.25\neko-htmlunit-2.25.jar;C:\Users\Venky\.m2\repository\org\apache\httpcomponents\httpclient\4.5.3\httpclient-4.5.3.jar;C:\Users\Venky\.m2\repository\org\apache\httpcomponents\httpcore\4.4.6\httpcore-4.4.6.jar;C:\Users\Venky\.m2\repository\org\apache\httpcomponents\httpmime\4.5.3\httpmime-4.5.3.jar;C:\Users\Venky\.m2\repository\org\eclipse\jetty\jetty-io\9.4.1.v20170120\jetty-io-9.4.1.v20170120.jar;C:\Users\Venky\.m2\repository\org\eclipse\jetty\jetty-util\9.4.1.v20170120\jetty-util-9.4.1.v20170120.jar;C:\Users\Venky\.m2\repository\net\java\dev\jna\jna\4.1.0\jna-4.1.0.jar;C:\Users\Venky\.m2\repository\net\java\dev\jna\jna-platform\4.1.0\jna-platform-4.1.0.jar;C:\Users\Venky\.m2\repository\junit\junit\4.12\junit-4.12.jar;C:\Users\Venky\.m2\repository\com\codeborne\phantomjsdriver\1.4.0\phantomjsdriver-1.4.0.jar;C:\Users\Venky\.m2\repository\org\seleniumhq\selenium\htmlunit-driver\2.26\htmlunit-driver-2.26.jar;C:\Users\Venky\.m2\repository\javax\servlet\javax.servlet-api\3.1.0\javax.servlet-api-3.1.0.jar;C:\Users\Venky\.m2\repository\org\eclipse\jetty\websocket\websocket-api\9.4.3.v20170317\websocket-api-9.4.3.v20170317.jar;C:\Users\Venky\.m2\repository\org\eclipse\jetty\websocket\websocket-client\9.4.3.v20170317\websocket-client-9.4.3.v20170317.jar;C:\Users\Venky\.m2\repository\org\eclipse\jetty\jetty-client\9.4.3.v20170317\jetty-client-9.4.3.v20170317.jar;C:\Users\Venky\.m2\repository\org\eclipse\jetty\jetty-http\9.4.3.v20170317\jetty-http-9.4.3.v20170317.jar;C:\Users\Venky\.m2\repository\org\eclipse\jetty\websocket\websocket-common\9.4.3.v20170317\websocket-common-9.4.3.v20170317.jar;C:\Users\Venky\.m2\repository\xalan\serializer\2.7.2\serializer-2.7.2.jar;C:\Users\Venky\.m2\repository\xalan\xalan\2.7.2\xalan-2.7.2.jar;C:\Users\Venky\.m2\repository\xerces\xercesImpl\2.11.0\xercesImpl-2.11.0.jar;C:\Users\Venky\.m2\repository\xml-apis\xml-apis\1.4.01\xml-apis-1.4.01.jar;C:\Users\Venky\.m2\repository\org\testng\testng\6.11\testng-6.11.jar;C:\Users\Venky\.m2\repository\com\beust\jcommander\1.64\jcommander-1.64.jar;C:\Users\Venky\.m2\repository\org\yaml\snakeyaml\1.17\snakeyaml-1.17.jar;C:\Users\Venky\.m2\repository\org\uncommons\reportng\1.1.4\reportng-1.1.4.jar;C:\Users\Venky\.m2\repository\velocity\velocity\1.4\velocity-1.4.jar;C:\Users\Venky\.m2\repository\velocity\velocity-dep\1.4\velocity-dep-1.4.jar;C:\Users\Venky\.m2\repository\com\google\inject\guice\4.0\guice-4.0.jar;C:\Users\Venky\.m2\repository\javax\inject\javax.inject\1\javax.inject-1.jar;C:\Users\Venky\.m2\repository\aopalliance\aopalliance\1.0\aopalliance-1.0.jar;C:\Users\Venky\.m2\repository\org\apache\poi\poi\3.16\poi-3.16.jar;C:\Users\Venky\.m2\repository\org\apache\commons\commons-collections4\4.1\commons-collections4-4.1.jar;C:\Users\Venky\.m2\repository\org\apache\poi\poi-ooxml\3.16\poi-ooxml-3.16.jar;C:\Users\Venky\.m2\repository\org\apache\poi\poi-ooxml-schemas\3.16\poi-ooxml-schemas-3.16.jar;C:\Users\Venky\.m2\repository\org\apache\xmlbeans\xmlbeans\2.6.0\xmlbeans-2.6.0.jar;C:\Users\Venky\.m2\repository\stax\stax-api\1.0.1\stax-api-1.0.1.jar;C:\Users\Venky\.m2\repository\com\github\virtuald\curvesapi\1.04\curvesapi-1.04.jar;C:\Users\Venky\.m2\repository\javax\mail\mail\1.5.0-b01\mail-1.5.0-b01.jar;C:\Users\Venky\.m2\repository\javax\activation\activation\1.1\activation-1.1.jar;C:\Users\Venky\.m2\repository\ch\fortysix\maven-postman-plugin\0.1.6\maven-postman-plugin-0.1.6.jar;C:\Users\Venky\.m2\repository\org\codehaus\gmaven\gmaven-mojo\1.2\gmaven-mojo-1.2.jar;C:\Users\Venky\.m2\repository\org\codehaus\gmaven\runtime\gmaven-runtime-api\1.2\gmaven-runtime-api-1.2.jar;C:\Users\Venky\.m2\repository\org\codehaus\gmaven\feature\gmaven-feature-api\1.2\gmaven-feature-api-1.2.jar;C:\Users\Venky\.m2\repository\org\apache\maven\maven-project\2.0.10\maven-project-2.0.10.jar;C:\Users\Venky\.m2\repository\org\apache\maven\maven-plugin-registry\2.0.10\maven-plugin-registry-2.0.10.jar;C:\Users\Venky\.m2\repository\org\codehaus\plexus\plexus-interpolation\1.1\plexus-interpolation-1.1.jar;C:\Users\Venky\.m2\repository\org\apache\maven\maven-plugin-api\2.0.10\maven-plugin-api-2.0.10.jar;C:\Users\Venky\.m2\repository\org\codehaus\gmaven\runtime\gmaven-runtime-1.7\1.2\gmaven-runtime-1.7-1.2.jar;C:\Users\Venky\.m2\repository\org\slf4j\slf4j-api\1.5.10\slf4j-api-1.5.10.jar;C:\Users\Venky\.m2\repository\org\codehaus\gmaven\feature\gmaven-feature-support\1.2\gmaven-feature-support-1.2.jar;C:\Users\Venky\.m2\repository\org\codehaus\gmaven\runtime\gmaven-runtime-support\1.2\gmaven-runtime-support-1.2.jar;C:\Users\Venky\.m2\repository\org\sonatype\gshell\gshell-io\2.0\gshell-io-2.0.jar;C:\Users\Venky\.m2\repository\org\sonatype\gossip\gossip\1.0\gossip-1.0.jar;C:\Users\Venky\.m2\repository\com\thoughtworks\qdox\qdox\1.8\qdox-1.8.jar;C:\Users\Venky\.m2\repository\org\codehaus\groovy\groovy-all\1.7-beta-2\groovy-all-1.7-beta-2.jar;C:\Users\Venky\.m2\repository\jline\jline\0.9.94\jline-0.9.94.jar;C:\Users\Venky\.m2\repository\org\apache\ant\ant\1.7.1\ant-1.7.1.jar;C:\Users\Venky\.m2\repository\org\apache\ant\ant-launcher\1.7.1\ant-launcher-1.7.1.jar;C:\Users\Venky\.m2\repository\org\slf4j\log4j-over-slf4j\1.5.10\log4j-over-slf4j-1.5.10.jar;C:\Users\Venky\.m2\repository\org\apache\maven\shared\file-management\1.2.1\file-management-1.2.1.jar;C:\Users\Venky\.m2\repository\org\apache\maven\shared\maven-shared-io\1.1\maven-shared-io-1.1.jar;C:\Users\Venky\.m2\repository\org\codehaus\plexus\plexus-container-default\1.0-alpha-9\plexus-container-default-1.0-alpha-9.jar;C:\Users\Venky\.m2\repository\org\apache\maven\reporting\maven-reporting-api\2.2.1\maven-reporting-api-2.2.1.jar;C:\Users\Venky\.m2\repository\org\apache\maven\doxia\doxia-logging-api\1.1\doxia-logging-api-1.1.jar;C:\Users\Venky\.m2\repository\org\apache\maven\reporting\maven-reporting-impl\2.0.4.3\maven-reporting-impl-2.0.4.3.jar;C:\Users\Venky\.m2\repository\org\apache\maven\doxia\doxia-core\1.0\doxia-core-1.0.jar;C:\Users\Venky\.m2\repository\org\apache\maven\doxia\doxia-site-renderer\1.0\doxia-site-renderer-1.0.jar;C:\Users\Venky\.m2\repository\org\codehaus\plexus\plexus-i18n\1.0-beta-7\plexus-i18n-1.0-beta-7.jar;C:\Users\Venky\.m2\repository\org\codehaus\plexus\plexus-velocity\1.1.7\plexus-velocity-1.1.7.jar;C:\Users\Venky\.m2\repository\org\apache\velocity\velocity\1.5\velocity-1.5.jar;C:\Users\Venky\.m2\repository\commons-lang\commons-lang\2.1\commons-lang-2.1.jar;C:\Users\Venky\.m2\repository\org\apache\maven\doxia\doxia-decoration-model\1.0\doxia-decoration-model-1.0.jar;C:\Users\Venky\.m2\repository\commons-collections\commons-collections\3.2\commons-collections-3.2.jar;C:\Users\Venky\.m2\repository\org\apache\maven\doxia\doxia-module-apt\1.0\doxia-module-apt-1.0.jar;C:\Users\Venky\.m2\repository\org\apache\maven\doxia\doxia-module-fml\1.0\doxia-module-fml-1.0.jar;C:\Users\Venky\.m2\repository\org\apache\maven\doxia\doxia-module-xdoc\1.0\doxia-module-xdoc-1.0.jar;C:\Users\Venky\.m2\repository\org\apache\maven\doxia\doxia-module-xhtml\1.0\doxia-module-xhtml-1.0.jar;C:\Users\Venky\.m2\repository\commons-validator\commons-validator\1.2.0\commons-validator-1.2.0.jar;C:\Users\Venky\.m2\repository\commons-beanutils\commons-beanutils\1.7.0\commons-beanutils-1.7.0.jar;C:\Users\Venky\.m2\repository\commons-digester\commons-digester\1.6\commons-digester-1.6.jar;C:\Users\Venky\.m2\repository\oro\oro\2.0.8\oro-2.0.8.jar;C:\Users\Venky\.m2\repository\org\apache\maven\shared\maven-doxia-tools\1.0.2\maven-doxia-tools-1.0.2.jar;C:\Users\Venky\.m2\repository\org\apache\maven\doxia\doxia-sink-api\1.1.2\doxia-sink-api-1.1.2.jar;C:\Users\Venky\.m2\repository\org\codehaus\plexus\plexus-utils\2.0.1\plexus-utils-2.0.1.jar;C:\Users\Venky\.m2\repository\nekohtml\nekohtml\1.9.6.2\nekohtml-1.9.6.2.jar;C:\Users\Venky\.m2\repository\org\apache\commons\commons-email\1.2\commons-email-1.2.jar;C:\Users\Venky\.m2\repository\org\apache\maven\maven-core\2.2.1\maven-core-2.2.1.jar;C:\Users\Venky\.m2\repository\org\apache\maven\maven-settings\2.2.1\maven-settings-2.2.1.jar;C:\Users\Venky\.m2\repository\org\apache\maven\wagon\wagon-file\1.0-beta-6\wagon-file-1.0-beta-6.jar;C:\Users\Venky\.m2\repository\org\apache\maven\maven-plugin-parameter-documenter\2.2.1\maven-plugin-parameter-documenter-2.2.1.jar;C:\Users\Venky\.m2\repository\org\apache\maven\wagon\wagon-http-lightweight\1.0-beta-6\wagon-http-lightweight-1.0-beta-6.jar;C:\Users\Venky\.m2\repository\org\apache\maven\wagon\wagon-http-shared\1.0-beta-6\wagon-http-shared-1.0-beta-6.jar;C:\Users\Venky\.m2\repository\nekohtml\xercesMinimal\1.9.6.2\xercesMinimal-1.9.6.2.jar;C:\Users\Venky\.m2\repository\org\apache\maven\wagon\wagon-http\1.0-beta-6\wagon-http-1.0-beta-6.jar;C:\Users\Venky\.m2\repository\org\apache\maven\wagon\wagon-webdav-jackrabbit\1.0-beta-6\wagon-webdav-jackrabbit-1.0-beta-6.jar;C:\Users\Venky\.m2\repository\org\apache\jackrabbit\jackrabbit-webdav\1.5.0\jackrabbit-webdav-1.5.0.jar;C:\Users\Venky\.m2\repository\org\apache\jackrabbit\jackrabbit-jcr-commons\1.5.0\jackrabbit-jcr-commons-1.5.0.jar;C:\Users\Venky\.m2\repository\commons-httpclient\commons-httpclient\3.0\commons-httpclient-3.0.jar;C:\Users\Venky\.m2\repository\org\slf4j\slf4j-nop\1.5.3\slf4j-nop-1.5.3.jar;C:\Users\Venky\.m2\repository\org\slf4j\slf4j-jdk14\1.5.6\slf4j-jdk14-1.5.6.jar;C:\Users\Venky\.m2\repository\org\slf4j\jcl-over-slf4j\1.5.6\jcl-over-slf4j-1.5.6.jar;C:\Users\Venky\.m2\repository\org\apache\maven\maven-profile\2.2.1\maven-profile-2.2.1.jar;C:\Users\Venky\.m2\repository\org\apache\maven\maven-model\2.2.1\maven-model-2.2.1.jar;C:\Users\Venky\.m2\repository\org\apache\maven\maven-artifact\2.2.1\maven-artifact-2.2.1.jar;C:\Users\Venky\.m2\repository\org\apache\maven\wagon\wagon-provider-api\1.0-beta-6\wagon-provider-api-1.0-beta-6.jar;C:\Users\Venky\.m2\repository\org\apache\maven\maven-repository-metadata\2.2.1\maven-repository-metadata-2.2.1.jar;C:\Users\Venky\.m2\repository\org\apache\maven\maven-error-diagnostics\2.2.1\maven-error-diagnostics-2.2.1.jar;C:\Users\Venky\.m2\repository\commons-cli\commons-cli\1.2\commons-cli-1.2.jar;C:\Users\Venky\.m2\repository\org\apache\maven\wagon\wagon-ssh-external\1.0-beta-6\wagon-ssh-external-1.0-beta-6.jar;C:\Users\Venky\.m2\repository\org\apache\maven\wagon\wagon-ssh-common\1.0-beta-6\wagon-ssh-common-1.0-beta-6.jar;C:\Users\Venky\.m2\repository\org\apache\maven\maven-plugin-descriptor\2.2.1\maven-plugin-descriptor-2.2.1.jar;C:\Users\Venky\.m2\repository\org\codehaus\plexus\plexus-interactivity-api\1.0-alpha-4\plexus-interactivity-api-1.0-alpha-4.jar;C:\Users\Venky\.m2\repository\org\apache\maven\maven-artifact-manager\2.2.1\maven-artifact-manager-2.2.1.jar;C:\Users\Venky\.m2\repository\backport-util-concurrent\backport-util-concurrent\3.1\backport-util-concurrent-3.1.jar;C:\Users\Venky\.m2\repository\org\apache\maven\maven-monitor\2.2.1\maven-monitor-2.2.1.jar;C:\Users\Venky\.m2\repository\org\apache\maven\wagon\wagon-ssh\1.0-beta-6\wagon-ssh-1.0-beta-6.jar;C:\Users\Venky\.m2\repository\com\jcraft\jsch\0.1.38\jsch-0.1.38.jar;C:\Users\Venky\.m2\repository\classworlds\classworlds\1.1\classworlds-1.1.jar;C:\Users\Venky\.m2\repository\org\sonatype\plexus\plexus-sec-dispatcher\1.3\plexus-sec-dispatcher-1.3.jar;C:\Users\Venky\.m2\repository\org\sonatype\plexus\plexus-cipher\1.4\plexus-cipher-1.4.jar;C:\Users\Venky\.m2\repository\org\apache\maven\surefire\surefire-testng-utils\2.20.1\surefire-testng-utils-2.20.1.jar;C:\Users\Venky\.m2\repository\org\apache\maven\surefire\surefire-grouper\2.20.1\surefire-grouper-2.20.1.jar;"/>
    <property name="sun.cpu.endian" value="little"/>
    <property name="user.home" value="C:\Users\Venky"/>
    <property name="user.language" value="en"/>
    <property name="java.specification.vendor" value="Oracle Corporation"/>
    <property name="java.home" value="C:\java\jdk1.8.0_101_64bit\jre"/>
    <property name="basedir" value="E:\MyJavaWorkspace\MercuryAutomationSuite"/>
    <property name="file.separator" value="\"/>
    <property name="line.separator" value="&#10;"/>
    <property name="java.vm.specification.vendor" value="Oracle Corporation"/>
    <property name="java.specification.name" value="Java Platform API Specification"/>
    <property name="java.awt.graphicsenv" value="sun.awt.Win32GraphicsEnvironment"/>
    <property name="surefire.real.class.path" value="C:\Users\Venky\AppData\Local\Temp\surefire9162515154661832943\surefirebooter5666076908336182379.jar"/>
    <property name="sun.boot.class.path" value="C:\java\jdk1.8.0_101_64bit\jre\lib\resources.jar;C:\java\jdk1.8.0_101_64bit\jre\lib\rt.jar;C:\java\jdk1.8.0_101_64bit\jre\lib\sunrsasign.jar;C:\java\jdk1.8.0_101_64bit\jre\lib\jsse.jar;C:\java\jdk1.8.0_101_64bit\jre\lib\jce.jar;C:\java\jdk1.8.0_101_64bit\jre\lib\charsets.jar;C:\java\jdk1.8.0_101_64bit\jre\lib\jfr.jar;C:\java\jdk1.8.0_101_64bit\jre\classes"/>
    <property name="user.script" value=""/>
    <property name="sun.management.compiler" value="HotSpot 64-Bit Tiered Compilers"/>
    <property name="java.runtime.version" value="1.8.0_101-b13"/>
    <property name="user.name" value="Venky"/>
    <property name="path.separator" value=";"/>
    <property name="os.version" value="10.0"/>
    <property name="java.endorsed.dirs" value="C:\java\jdk1.8.0_101_64bit\jre\lib\endorsed"/>
    <property name="java.runtime.name" value="Java(TM) SE Runtime Environment"/>
    <property name="file.encoding" value="Cp1252"/>
    <property name="java.vm.name" value="Java HotSpot(TM) 64-Bit Server VM"/>
    <property name="localRepository" value="C:\Users\Venky\.m2\repository"/>
    <property name="java.vendor.url.bug" value="http://bugreport.sun.com/bugreport/"/>
    <property name="java.io.tmpdir" value="C:\Users\Venky\AppData\Local\Temp\"/>
    <property name="java.version" value="1.8.0_101"/>
    <property name="user.dir" value="E:\MyJavaWorkspace\MercuryAutomationSuite"/>
    <property name="os.arch" value="amd64"/>
    <property name="java.vm.specification.name" value="Java Virtual Machine Specification"/>
    <property name="java.awt.printerjob" value="sun.awt.windows.WPrinterJob"/>
    <property name="sun.os.patch.level" value=""/>
    <property name="java.library.path" value="C:\java\jdk1.8.0_101_64bit\jre\bin;C:\WINDOWS\Sun\Java\bin;C:\WINDOWS\system32;C:\WINDOWS;C:/java/jdk1.8.0_101_64bit/bin/../jre/bin/server;C:/java/jdk1.8.0_101_64bit/bin/../jre/bin;C:/java/jdk1.8.0_101_64bit/bin/../jre/lib/amd64;C:\Program Files (x86)\Intel\iCLS Client\;C:\Program Files\Intel\iCLS Client\;C:\WINDOWS\system32;C:\WINDOWS;C:\WINDOWS\System32\Wbem;C:\WINDOWS\System32\WindowsPowerShell\v1.0\;C:\Program Files (x86)\Intel\Intel(R) Management Engine Components\DAL;C:\Program Files\Intel\Intel(R) Management Engine Components\DAL;C:\Program Files (x86)\Intel\Intel(R) Management Engine Components\IPT;C:\Program Files\Intel\Intel(R) Management Engine Components\IPT;C:\java\jdk1.8.0_101_64bit\bin;C:\Enterprise_Development\apache-ant197\bin;C:\Enterprise_Development\glassfish412\bin;C:\Enterprise_Development\glassfish412\glassfish\bin;C:\Enterprise_Development\Maven350\bin;C:\Enterprise_Development\Ruby22-x64\bin;C:\Users\Venky\AppData\Local\Microsoft\WindowsApps;C:\Enterprise_Development\eclipseEE_neon3;;."/>
    <property name="java.vm.info" value="mixed mode"/>
    <property name="java.vendor" value="Oracle Corporation"/>
    <property name="java.vm.version" value="25.101-b13"/>
    <property name="java.ext.dirs" value="C:\java\jdk1.8.0_101_64bit\jre\lib\ext;C:\WINDOWS\Sun\Java\lib\ext"/>
    <property name="sun.io.unicode.encoding" value="UnicodeLittle"/>
    <property name="java.class.version" value="52.0"/>
  </properties>
  <testcase name="login" classname="mercury.testcases.Login" time="3.714"/>
  <testcase name="findFlight" classname="mercury.testcases.BookFlight" time="2.244"/>
  <testcase name="selectFlight" classname="mercury.testcases.BookFlight" time="1.563"/>
  <testcase name="bookPurchase" classname="mercury.testcases.BookFlight" time="2.872"/>
  <testcase name="login" classname="mercury.testcases.UserCredentialValidations" time="2.601"/>
  <testcase name="login" classname="mercury.testcases.UserCredentialValidations" time="2.478"/>
  <testcase name="login" classname="mercury.testcases.UserCredentialValidations" time="2.433"/>
  <testcase name="login" classname="mercury.testcases.UserCredentialValidations" time="4.236"/>
</testsuite>