<?xml version="1.0" encoding="UTF-8"?>
<!-- Generated by org.testng.reporters.JUnitReportReporter -->
<testsuite skipped="0" hostname="LAPTOP-UHN3US91" name="mercury.testcases.UserCredentialValidations" tests="4" failures="0" timestamp="19 Sep 2017 15:32:44 GMT" time="11.719" errors="0">
  <testcase name="login" time="2.811" classname="mercury.testcases.UserCredentialValidations"/>
  <testcase name="login" time="4.195" classname="mercury.testcases.UserCredentialValidations"/>
  <testcase name="login" time="2.392" classname="mercury.testcases.UserCredentialValidations"/>
  <testcase name="login" time="2.321" classname="mercury.testcases.UserCredentialValidations"/>
</testsuite> <!-- mercury.testcases.UserCredentialValidations -->
