<?xml version="1.0" encoding="UTF-8"?>
<!-- Generated by org.testng.reporters.JUnitReportReporter -->
<testsuite skipped="0" hostname="LAPTOP-UHN3US91" name="mercury.testcases.BookFlight" tests="3" failures="0" timestamp="19 Sep 2017 14:30:55 GMT" time="6.761" errors="0">
  <testcase name="findFlight" time="2.188" classname="mercury.testcases.BookFlight"/>
  <testcase name="selectFlight" time="1.574" classname="mercury.testcases.BookFlight"/>
  <testcase name="bookPurchase" time="2.999" classname="mercury.testcases.BookFlight"/>
</testsuite> <!-- mercury.testcases.BookFlight -->
