<?xml version="1.0" encoding="UTF-8"?>
<!-- Generated by org.testng.reporters.JUnitReportReporter -->
<testsuite skipped="0" hostname="LAPTOP-UHN3US91" name="mercury.testcases.Login" tests="1" failures="0" timestamp="19 Sep 2017 14:30:55 GMT" time="3.953" errors="0">
  <testcase name="login" time="3.953" classname="mercury.testcases.Login"/>
</testsuite> <!-- mercury.testcases.Login -->
