<?xml version="1.0" encoding="UTF-8"?>
<!-- Generated by org.testng.reporters.JUnitReportReporter -->
<testsuite skipped="0" hostname="LAPTOP-UHN3US91" name="mercury.testcases.UserCredentialValidations" tests="4" failures="0" timestamp="19 Sep 2017 19:58:50 GMT" time="11.846" errors="0">
  <testcase name="login" time="2.406" classname="mercury.testcases.UserCredentialValidations"/>
  <testcase name="login" time="2.687" classname="mercury.testcases.UserCredentialValidations"/>
  <testcase name="login" time="2.484" classname="mercury.testcases.UserCredentialValidations"/>
  <testcase name="login" time="4.269" classname="mercury.testcases.UserCredentialValidations"/>
</testsuite> <!-- mercury.testcases.UserCredentialValidations -->
